This file contains any messages produced by compilers while
running configure, to aid debugging if configure makes a mistake.

It was created by FULL-PACKAGE-NAME configure VERSION, which was
generated by GNU Autoconf 2.69.  Invocation command line was

  $ ./configure 

## --------- ##
## Platform. ##
## --------- ##

hostname = rasp-02.local
uname -m = armv7l
uname -r = 4.4.50-v7+
uname -s = Linux
uname -v = #970 SMP Mon Feb 20 19:18:29 GMT 2017

/usr/bin/uname -p = unknown
/bin/uname -X     = unknown

/bin/arch              = unknown
/usr/bin/arch -k       = unknown
/usr/convex/getsysinfo = unknown
/usr/bin/hostinfo      = unknown
/bin/machine           = unknown
/usr/bin/oslevel       = unknown
/bin/universe          = unknown

PATH: /usr/local/sbin
PATH: /usr/local/bin
PATH: /usr/sbin
PATH: /usr/bin
PATH: /sbin
PATH: /bin
PATH: /usr/local/games
PATH: /usr/games


## ----------- ##
## Core tests. ##
## ----------- ##

configure:1887: checking for gcc
configure:1903: found /usr/bin/gcc
configure:1914: result: gcc
configure:2143: checking for C compiler version
configure:2152: gcc --version >&5
gcc (Raspbian 4.9.2-10) 4.9.2
Copyright (C) 2014 Free Software Foundation, Inc.
This is free software; see the source for copying conditions.  There is NO
warranty; not even for MERCHANTABILITY or FITNESS FOR A PARTICULAR PURPOSE.

configure:2163: $? = 0
configure:2152: gcc -v >&5
Using built-in specs.
COLLECT_GCC=gcc
COLLECT_LTO_WRAPPER=/usr/lib/gcc/arm-linux-gnueabihf/4.9/lto-wrapper
Target: arm-linux-gnueabihf
Configured with: ../src/configure -v --with-pkgversion='Raspbian 4.9.2-10' --with-bugurl=file:///usr/share/doc/gcc-4.9/README.Bugs --enable-languages=c,c++,java,go,d,fortran,objc,obj-c++ --prefix=/usr --program-suffix=-4.9 --enable-shared --enable-linker-build-id --libexecdir=/usr/lib --without-included-gettext --enable-threads=posix --with-gxx-include-dir=/usr/include/c++/4.9 --libdir=/usr/lib --enable-nls --with-sysroot=/ --enable-clocale=gnu --enable-libstdcxx-debug --enable-libstdcxx-time=yes --enable-gnu-unique-object --disable-libitm --disable-libquadmath --enable-plugin --with-system-zlib --disable-browser-plugin --enable-java-awt=gtk --enable-gtk-cairo --with-java-home=/usr/lib/jvm/java-1.5.0-gcj-4.9-armhf/jre --enable-java-home --with-jvm-root-dir=/usr/lib/jvm/java-1.5.0-gcj-4.9-armhf --with-jvm-jar-dir=/usr/lib/jvm-exports/java-1.5.0-gcj-4.9-armhf --with-arch-directory=arm --with-ecj-jar=/usr/share/java/eclipse-ecj.jar --enable-objc-gc --enable-multiarch --disable-sjlj-exceptions --with-arch=armv6 --with-fpu=vfp --with-float=hard --enable-checking=release --build=arm-linux-gnueabihf --host=arm-linux-gnueabihf --target=arm-linux-gnueabihf
Thread model: posix
gcc version 4.9.2 (Raspbian 4.9.2-10) 
configure:2163: $? = 0
configure:2152: gcc -V >&5
gcc: error: unrecognized command line option '-V'
gcc: fatal error: no input files
compilation terminated.
configure:2163: $? = 4
configure:2152: gcc -qversion >&5
gcc: error: unrecognized command line option '-qversion'
gcc: fatal error: no input files
compilation terminated.
configure:2163: $? = 4
configure:2183: checking whether the C compiler works
configure:2205: gcc    conftest.c  >&5
configure:2209: $? = 0
configure:2257: result: yes
configure:2260: checking for C compiler default output file name
configure:2262: result: a.out
configure:2268: checking for suffix of executables
configure:2275: gcc -o conftest    conftest.c  >&5
configure:2279: $? = 0
configure:2301: result: 
configure:2323: checking whether we are cross compiling
configure:2331: gcc -o conftest    conftest.c  >&5
configure:2335: $? = 0
configure:2342: ./conftest
configure:2346: $? = 0
configure:2361: result: no
configure:2366: checking for suffix of object files
configure:2388: gcc -c   conftest.c >&5
configure:2392: $? = 0
configure:2413: result: o
configure:2417: checking whether we are using the GNU C compiler
configure:2436: gcc -c   conftest.c >&5
configure:2436: $? = 0
configure:2445: result: yes
configure:2454: checking whether gcc accepts -g
configure:2474: gcc -c -g  conftest.c >&5
configure:2474: $? = 0
configure:2515: result: yes
configure:2532: checking for gcc option to accept ISO C89
configure:2595: gcc  -c -g -O2  conftest.c >&5
configure:2595: $? = 0
configure:2608: result: none needed
configure:2665: checking whether gcc understands -c and -o together
configure:2687: gcc -c conftest.c -o conftest2.o
configure:2690: $? = 0
configure:2687: gcc -c conftest.c -o conftest2.o
configure:2690: $? = 0
configure:2702: result: yes
configure:2735: checking for a BSD-compatible install
configure:2803: result: /usr/bin/install -c
configure:2814: checking whether build environment is sane
configure:2869: result: yes
configure:3017: checking for a thread-safe mkdir -p
configure:3056: result: /bin/mkdir -p
configure:3063: checking for gawk
configure:3093: result: no
configure:3063: checking for mawk
configure:3079: found /usr/bin/mawk
configure:3090: result: mawk
configure:3101: checking whether make sets $(MAKE)
configure:3123: result: yes
configure:3153: checking for style of include used by make
configure:3181: result: GNU
configure:3215: checking whether make supports nested variables
configure:3232: result: yes
configure:3317: checking dependency style of gcc
configure:3428: result: gcc3
configure:3490: checking for main in -lncurses
configure:3509: gcc -o conftest -g -O2   conftest.c -lncurses   >&5
configure:3509: $? = 0
configure:3518: result: yes
configure:3530: checking for pigpio_start in -lpigpiod_if2
configure:3555: gcc -o conftest -g -O2   conftest.c -lpigpiod_if2  -lncurses  >&5
/usr/lib/gcc/arm-linux-gnueabihf/4.9/../../../libpigpiod_if2.so: undefined reference to `pthread_attr_setstacksize'
/usr/lib/gcc/arm-linux-gnueabihf/4.9/../../../libpigpiod_if2.so: undefined reference to `pthread_join'
/usr/lib/gcc/arm-linux-gnueabihf/4.9/../../../libpigpiod_if2.so: undefined reference to `pthread_create'
/usr/lib/gcc/arm-linux-gnueabihf/4.9/../../../libpigpiod_if2.so: undefined reference to `pthread_cancel'
collect2: error: ld returned 1 exit status
configure:3555: $? = 1
configure: failed program was:
| /* confdefs.h */
| #define PACKAGE_NAME "FULL-PACKAGE-NAME"
| #define PACKAGE_TARNAME "full-package-name"
| #define PACKAGE_VERSION "VERSION"
| #define PACKAGE_STRING "FULL-PACKAGE-NAME VERSION"
| #define PACKAGE_BUGREPORT "BUG-REPORT-ADDRESS"
| #define PACKAGE_URL ""
| #define PACKAGE "full-package-name"
| #define VERSION "VERSION"
| #define HAVE_LIBNCURSES 1
| /* end confdefs.h.  */
| 
| /* Override any GCC internal prototype to avoid an error.
|    Use char because int might match the return type of a GCC
|    builtin and then its argument prototype would still apply.  */
| #ifdef __cplusplus
| extern "C"
| #endif
| char pigpio_start ();
| int
| main ()
| {
| return pigpio_start ();
|   ;
|   return 0;
| }
configure:3564: result: no
configure:3576: checking for main in -lpthread
configure:3595: gcc -o conftest -g -O2   conftest.c -lpthread  -lncurses  >&5
configure:3595: $? = 0
configure:3604: result: yes
configure:3616: checking for main in -lrt
configure:3635: gcc -o conftest -g -O2   conftest.c -lrt  -lpthread -lncurses  >&5
configure:3635: $? = 0
configure:3644: result: yes
configure:3773: checking that generated files are newer than configure
configure:3779: result: done
configure:3802: creating ./config.status

## ---------------------- ##
## Running config.status. ##
## ---------------------- ##

This file was extended by FULL-PACKAGE-NAME config.status VERSION, which was
generated by GNU Autoconf 2.69.  Invocation command line was

  CONFIG_FILES    = 
  CONFIG_HEADERS  = 
  CONFIG_LINKS    = 
  CONFIG_COMMANDS = 
  $ ./config.status 

on rasp-02.local

config.status:843: creating Makefile
config.status:843: creating src/Makefile
config.status:843: creating config.h
config.status:1024: config.h is unchanged
config.status:1072: executing depfiles commands

## ---------------- ##
## Cache variables. ##
## ---------------- ##

ac_cv_c_compiler_gnu=yes
ac_cv_env_CC_set=
ac_cv_env_CC_value=
ac_cv_env_CFLAGS_set=
ac_cv_env_CFLAGS_value=
ac_cv_env_CPPFLAGS_set=
ac_cv_env_CPPFLAGS_value=
ac_cv_env_LDFLAGS_set=
ac_cv_env_LDFLAGS_value=
ac_cv_env_LIBS_set=
ac_cv_env_LIBS_value=
ac_cv_env_build_alias_set=
ac_cv_env_build_alias_value=
ac_cv_env_host_alias_set=
ac_cv_env_host_alias_value=
ac_cv_env_target_alias_set=
ac_cv_env_target_alias_value=
ac_cv_lib_ncurses_main=yes
ac_cv_lib_pigpiod_if2_pigpio_start=no
ac_cv_lib_pthread_main=yes
ac_cv_lib_rt_main=yes
ac_cv_objext=o
ac_cv_path_install='/usr/bin/install -c'
ac_cv_path_mkdir=/bin/mkdir
ac_cv_prog_AWK=mawk
ac_cv_prog_ac_ct_CC=gcc
ac_cv_prog_cc_c89=
ac_cv_prog_cc_g=yes
ac_cv_prog_make_make_set=yes
am_cv_CC_dependencies_compiler_type=gcc3
am_cv_make_support_nested_variables=yes
am_cv_prog_cc_c_o=yes

## ----------------- ##
## Output variables. ##
## ----------------- ##

ACLOCAL='${SHELL} /home/interact/servo_controller/missing aclocal-1.14'
AMDEPBACKSLASH='\'
AMDEP_FALSE='#'
AMDEP_TRUE=''
AMTAR='$${TAR-tar}'
AM_BACKSLASH='\'
AM_DEFAULT_V='$(AM_DEFAULT_VERBOSITY)'
AM_DEFAULT_VERBOSITY='1'
AM_V='$(V)'
AUTOCONF='${SHELL} /home/interact/servo_controller/missing autoconf'
AUTOHEADER='${SHELL} /home/interact/servo_controller/missing autoheader'
AUTOMAKE='${SHELL} /home/interact/servo_controller/missing automake-1.14'
AWK='mawk'
CC='gcc'
CCDEPMODE='depmode=gcc3'
CFLAGS='-g -O2'
CPPFLAGS=''
CYGPATH_W='echo'
DEFS='-DHAVE_CONFIG_H'
DEPDIR='.deps'
ECHO_C=''
ECHO_N='-n'
ECHO_T=''
EXEEXT=''
INSTALL_DATA='${INSTALL} -m 644'
INSTALL_PROGRAM='${INSTALL}'
INSTALL_SCRIPT='${INSTALL}'
INSTALL_STRIP_PROGRAM='$(install_sh) -c -s'
LDFLAGS=''
LIBOBJS=''
LIBS='-lrt -lpthread -lncurses '
LTLIBOBJS=''
MAKEINFO='${SHELL} /home/interact/servo_controller/missing makeinfo'
MKDIR_P='/bin/mkdir -p'
OBJEXT='o'
PACKAGE='full-package-name'
PACKAGE_BUGREPORT='BUG-REPORT-ADDRESS'
PACKAGE_NAME='FULL-PACKAGE-NAME'
PACKAGE_STRING='FULL-PACKAGE-NAME VERSION'
PACKAGE_TARNAME='full-package-name'
PACKAGE_URL=''
PACKAGE_VERSION='VERSION'
PATH_SEPARATOR=':'
SET_MAKE=''
SHELL='/bin/bash'
STRIP=''
VERSION='VERSION'
ac_ct_CC='gcc'
am__EXEEXT_FALSE=''
am__EXEEXT_TRUE='#'
am__fastdepCC_FALSE='#'
am__fastdepCC_TRUE=''
am__include='include'
am__isrc=''
am__leading_dot='.'
am__nodep='_no'
am__quote=''
am__tar='$${TAR-tar} chof - "$$tardir"'
am__untar='$${TAR-tar} xf -'
bindir='${exec_prefix}/bin'
build_alias=''
datadir='${datarootdir}'
datarootdir='${prefix}/share'
docdir='${datarootdir}/doc/${PACKAGE_TARNAME}'
dvidir='${docdir}'
exec_prefix='${prefix}'
host_alias=''
htmldir='${docdir}'
includedir='${prefix}/include'
infodir='${datarootdir}/info'
install_sh='${SHELL} /home/interact/servo_controller/install-sh'
libdir='${exec_prefix}/lib'
libexecdir='${exec_prefix}/libexec'
localedir='${datarootdir}/locale'
localstatedir='${prefix}/var'
mandir='${datarootdir}/man'
mkdir_p='$(MKDIR_P)'
oldincludedir='/usr/include'
pdfdir='${docdir}'
prefix='/usr/local'
program_transform_name='s,x,x,'
psdir='${docdir}'
sbindir='${exec_prefix}/sbin'
sharedstatedir='${prefix}/com'
sysconfdir='${prefix}/etc'
target_alias=''

## ----------- ##
## confdefs.h. ##
## ----------- ##

/* confdefs.h */
#define PACKAGE_NAME "FULL-PACKAGE-NAME"
#define PACKAGE_TARNAME "full-package-name"
#define PACKAGE_VERSION "VERSION"
#define PACKAGE_STRING "FULL-PACKAGE-NAME VERSION"
#define PACKAGE_BUGREPORT "BUG-REPORT-ADDRESS"
#define PACKAGE_URL ""
#define PACKAGE "full-package-name"
#define VERSION "VERSION"
#define HAVE_LIBNCURSES 1
#define HAVE_LIBPTHREAD 1
#define HAVE_LIBRT 1

configure: exit 0
